*************************************************
Condensed alignment for B-327.epn-15.fullalignment
*************************************************
There are 15 matches

Species name                       E-value   # of nt     Start..Stop     Str  #  Structure
------------------------------  ---------- --------- -------------------- -- --- ------------------
                                                                                     [[[[[[      [[[[[[                         ]]]]]] [[[                          ]]]                   ]]]]]]
Allo.macrogynus.mt            |   5.91e-14     57473      4488..4657      FW   1 AAA TTCCAC TATA TGCTGG AA act...(74)...gga CAA TCAGCA GGA AACT gaa...(35)...cag GT TCC tcagagacta    TAT GTGGAA 
Allo.macrogynus.mt            |   2.57e-14     57473      6036..6227      FW   2 AAA TTCCAC TATA TGCTGG AA act..(113)...gga CAA TCAGCA GGA AACC agt...(18)...cgg GA TCT tcagagacta    TAT GTGGAA 
Allo.macrogynus.mt            |   4.62e-12     57473      9288..9466      FW   3 GCA TCTTGC TATA TGCTGG AA tat..(109)...gaa TAA TCAGCA GGA AATG attacatca        GT TCC tcagagacta    CAC GCAAGA 
Allo.macrogynus.mt            |   1.27e-13     57473     17749..18107     FW   4 AAA TCTCGC TATA TGCTGG AA tat..(108)...ggg CAA TCAGCA GAA ACCA aag..(190)...tag GA TCC tcagagacta    CAC GCGAGA 
Allo.macrogynus.mt            |   6.02e-12     57473     18399..18617     FW   5 TCT TTTCAC TATA TGCTGG AA tat...(72)...aga CAA TCAGCA GGA AACC aaa...(86)...tcg GG TCC tcagagacta    TAC GTGAAA 
Allo.macrogynus.mt            |   3.35e-09     57473     23462..23863     FW   6 TTA CTACAC TATA AGCTAG GA aac..(295)...ggg CAA TTAGCA GGA AACC aat...(46)...tag GA TCC tcagagacta    TAT GTGTAG 
Allo.macrogynus.mt            |   2.91e-07     57473     24091..24265     FW   7 TTA CCTCAC TATA TGCACA GA att...(91)...aga GAA TATGCA GGA AACC ctg...(23)...agg AA TCC tcagagacta    TAT GTGAGG 
Allo.macrogynus.mt            |   5.40e-11     57473     27604..27865     FW   8 AAA TAACAC TATA TGCTGG AA att...(91)...atc GAA TCAGCA GGA AACG ttc..(110)...tcg GA TCC tcagagacta    TAC GTGTTG 
Allo.macrogynus.mt            |   1.22e-14     57473     28820..28933     FW   9 AAA CTCGGC TGTA TGCTGG AA caa...(31)...agt CTA TCAGCA GGA AACC aac...(22)...tgg GA TCC tcagagactt    CAC GCCGAG 
Allo.macrogynus.mt            |   4.61e-05     57473     29429..30010     FW  10 TAA TTCCAC TATA TGCTGG AA agt...(61)...aaa GAA TCAGCA GGA AACT caa..(460)...agg AA TTC ttttttcttg    TTT ATAGAA 
Allo.macrogynus.mt            |   3.37e-08     57473     30708..30829     FW  11 AAA TCTTGC TATA TGCTGG CA cag...(52)...act CAA TCAGCA GGA AATG acgacatca        GT TCC tcagagacta    CAT GCAAGA 
Allo.macrogynus.mt            |   1.46e-14     57473     32611..32957     FW  12 AAA TCTCGC TATA TGCTGG AA act..(267)...gga TAA TCAGCA GGA AACT ttc...(19)...agg GT TCC tcagagacta    TAT GCGAGA 
Allo.macrogynus.mt            |   4.59e-11     57473     33660..33975     FW  13 AAA TCTTAC TATA TGCTGG AA tat..(133)...gga TAA TCAGCA GGA AACA atc..(122)...aag GG TCC tcagagacta    TAC GTGGGA 
Allo.macrogynus.mt            |   4.51e-13     57473     48407..48583     FW  14 AAA CAAGGC TATA TGCTGG AA cgt...(94)...gga TAA TCAGCA GGA AATT aaa...(22)...taa GA TCC tcagagatta    TAC GCCTTG 
Allo.macrogynus.mt            |   1.76e-18     57473     49225..49499     FW  15 AAA TTTCGC TATA TGCTGG AA acc...(94)...ggg CAA TCAGCA GGA AACA ata..(120)...aag GA TCC tcagagattt    TAC GCGAAA 
